<?xml version="1.0" encoding="UTF-8"?>
<testsuite xmlns:xsi="http://www.w3.org/2001/XMLSchema-instance" xsi:noNamespaceSchemaLocation="https://maven.apache.org/surefire/maven-surefire-plugin/xsd/surefire-test-report-3.0.xsd" version="3.0" name="com.example.AppTest" time="0.011" tests="2" errors="0" skipped="0" failures="0">
  <properties>
    <property name="java.specification.version" value="20"/>
    <property name="sun.jnu.encoding" value="UTF-8"/>
    <property name="java.class.path" value="/Users/azer/Desktop/Work/java-sdk/target/test-classes:/Users/azer/Desktop/Work/java-sdk/target/classes:/Users/azer/.m2/repository/junit/junit/3.8.1/junit-3.8.1.jar:/Users/azer/.m2/repository/org/hibernate/validator/hibernate-validator/8.0.1.Final/hibernate-validator-8.0.1.Final.jar:/Users/azer/.m2/repository/jakarta/validation/jakarta.validation-api/3.0.2/jakarta.validation-api-3.0.2.jar:/Users/azer/.m2/repository/org/jboss/logging/jboss-logging/3.4.3.Final/jboss-logging-3.4.3.Final.jar:/Users/azer/.m2/repository/com/fasterxml/classmate/1.5.1/classmate-1.5.1.jar:/Users/azer/.m2/repository/commons-validator/commons-validator/1.7/commons-validator-1.7.jar:/Users/azer/.m2/repository/commons-beanutils/commons-beanutils/1.9.4/commons-beanutils-1.9.4.jar:/Users/azer/.m2/repository/commons-digester/commons-digester/2.1/commons-digester-2.1.jar:/Users/azer/.m2/repository/commons-logging/commons-logging/1.2/commons-logging-1.2.jar:/Users/azer/.m2/repository/commons-collections/commons-collections/3.2.2/commons-collections-3.2.2.jar:/Users/azer/.m2/repository/com/google/code/gson/gson/2.10.1/gson-2.10.1.jar:/Users/azer/.m2/repository/com/github/xedin/windmill-core/0.1/windmill-core-0.1.jar:/Users/azer/.m2/repository/org/apache/commons/commons-lang3/3.1/commons-lang3-3.1.jar:/Users/azer/.m2/repository/com/github/ben-manes/caffeine/caffeine/2.1.0/caffeine-2.1.0.jar:/Users/azer/.m2/repository/net/openhft/affinity/2.2/affinity-2.2.jar:/Users/azer/.m2/repository/net/java/dev/jna/jna/4.1.0/jna-4.1.0.jar:/Users/azer/.m2/repository/net/java/dev/jna/jna-platform/4.1.0/jna-platform-4.1.0.jar:/Users/azer/.m2/repository/org/kohsuke/jetbrains/annotations/9.0/annotations-9.0.jar:/Users/azer/.m2/repository/com/lmax/disruptor/3.3.2/disruptor-3.3.2.jar:/Users/azer/.m2/repository/io/netty/netty-buffer/4.0.33.Final/netty-buffer-4.0.33.Final.jar:/Users/azer/.m2/repository/io/netty/netty-common/4.0.33.Final/netty-common-4.0.33.Final.jar:/Users/azer/.m2/repository/org/slf4j/slf4j-api/1.6.1/slf4j-api-1.6.1.jar:"/>
    <property name="java.vm.vendor" value="Oracle Corporation"/>
    <property name="sun.arch.data.model" value="64"/>
    <property name="java.vendor.url" value="https://java.oracle.com/"/>
    <property name="os.name" value="Mac OS X"/>
    <property name="java.vm.specification.version" value="20"/>
    <property name="sun.java.launcher" value="SUN_STANDARD"/>
    <property name="user.country" value="FR"/>
    <property name="sun.boot.library.path" value="/Library/Java/JavaVirtualMachines/jdk-20.jdk/Contents/Home/lib"/>
    <property name="sun.java.command" value="/Users/azer/Desktop/Work/java-sdk/target/surefire/surefirebooter-20230809170358854_3.jar /Users/azer/Desktop/Work/java-sdk/target/surefire 2023-08-09T17-03-58_817-jvmRun1 surefire-20230809170358854_1tmp surefire_0-20230809170358854_2tmp"/>
    <property name="http.nonProxyHosts" value="local|*.local|169.254/16|*.169.254/16"/>
    <property name="jdk.debug" value="release"/>
    <property name="surefire.test.class.path" value="/Users/azer/Desktop/Work/java-sdk/target/test-classes:/Users/azer/Desktop/Work/java-sdk/target/classes:/Users/azer/.m2/repository/junit/junit/3.8.1/junit-3.8.1.jar:/Users/azer/.m2/repository/org/hibernate/validator/hibernate-validator/8.0.1.Final/hibernate-validator-8.0.1.Final.jar:/Users/azer/.m2/repository/jakarta/validation/jakarta.validation-api/3.0.2/jakarta.validation-api-3.0.2.jar:/Users/azer/.m2/repository/org/jboss/logging/jboss-logging/3.4.3.Final/jboss-logging-3.4.3.Final.jar:/Users/azer/.m2/repository/com/fasterxml/classmate/1.5.1/classmate-1.5.1.jar:/Users/azer/.m2/repository/commons-validator/commons-validator/1.7/commons-validator-1.7.jar:/Users/azer/.m2/repository/commons-beanutils/commons-beanutils/1.9.4/commons-beanutils-1.9.4.jar:/Users/azer/.m2/repository/commons-digester/commons-digester/2.1/commons-digester-2.1.jar:/Users/azer/.m2/repository/commons-logging/commons-logging/1.2/commons-logging-1.2.jar:/Users/azer/.m2/repository/commons-collections/commons-collections/3.2.2/commons-collections-3.2.2.jar:/Users/azer/.m2/repository/com/google/code/gson/gson/2.10.1/gson-2.10.1.jar:/Users/azer/.m2/repository/com/github/xedin/windmill-core/0.1/windmill-core-0.1.jar:/Users/azer/.m2/repository/org/apache/commons/commons-lang3/3.1/commons-lang3-3.1.jar:/Users/azer/.m2/repository/com/github/ben-manes/caffeine/caffeine/2.1.0/caffeine-2.1.0.jar:/Users/azer/.m2/repository/net/openhft/affinity/2.2/affinity-2.2.jar:/Users/azer/.m2/repository/net/java/dev/jna/jna/4.1.0/jna-4.1.0.jar:/Users/azer/.m2/repository/net/java/dev/jna/jna-platform/4.1.0/jna-platform-4.1.0.jar:/Users/azer/.m2/repository/org/kohsuke/jetbrains/annotations/9.0/annotations-9.0.jar:/Users/azer/.m2/repository/com/lmax/disruptor/3.3.2/disruptor-3.3.2.jar:/Users/azer/.m2/repository/io/netty/netty-buffer/4.0.33.Final/netty-buffer-4.0.33.Final.jar:/Users/azer/.m2/repository/io/netty/netty-common/4.0.33.Final/netty-common-4.0.33.Final.jar:/Users/azer/.m2/repository/org/slf4j/slf4j-api/1.6.1/slf4j-api-1.6.1.jar:"/>
    <property name="sun.cpu.endian" value="little"/>
    <property name="user.home" value="/Users/azer"/>
    <property name="user.language" value="en"/>
    <property name="java.specification.vendor" value="Oracle Corporation"/>
    <property name="java.version.date" value="2023-07-18"/>
    <property name="java.home" value="/Library/Java/JavaVirtualMachines/jdk-20.jdk/Contents/Home"/>
    <property name="file.separator" value="/"/>
    <property name="basedir" value="/Users/azer/Desktop/Work/java-sdk"/>
    <property name="java.vm.compressedOopsMode" value="Zero based"/>
    <property name="line.separator" value="&#10;"/>
    <property name="java.vm.specification.vendor" value="Oracle Corporation"/>
    <property name="java.specification.name" value="Java Platform API Specification"/>
    <property name="apple.awt.application.name" value="ForkedBooter"/>
    <property name="surefire.real.class.path" value="/Users/azer/Desktop/Work/java-sdk/target/surefire/surefirebooter-20230809170358854_3.jar"/>
    <property name="sun.management.compiler" value="HotSpot 64-Bit Tiered Compilers"/>
    <property name="ftp.nonProxyHosts" value="local|*.local|169.254/16|*.169.254/16"/>
    <property name="java.runtime.version" value="20.0.2+9-78"/>
    <property name="user.name" value="azer"/>
    <property name="stdout.encoding" value="UTF-8"/>
    <property name="path.separator" value=":"/>
    <property name="os.version" value="13.3.1"/>
    <property name="java.runtime.name" value="Java(TM) SE Runtime Environment"/>
    <property name="file.encoding" value="UTF-8"/>
    <property name="java.vm.name" value="Java HotSpot(TM) 64-Bit Server VM"/>
    <property name="localRepository" value="/Users/azer/.m2/repository"/>
    <property name="java.vendor.url.bug" value="https://bugreport.java.com/bugreport/"/>
    <property name="java.io.tmpdir" value="/var/folders/3q/ls5y3h556j12sj2sp3qprs780000gn/T/"/>
    <property name="java.version" value="20.0.2"/>
    <property name="user.dir" value="/Users/azer/Desktop/Work/java-sdk"/>
    <property name="os.arch" value="aarch64"/>
    <property name="java.vm.specification.name" value="Java Virtual Machine Specification"/>
    <property name="native.encoding" value="UTF-8"/>
    <property name="java.library.path" value="/Users/azer/Library/Java/Extensions:/Library/Java/Extensions:/Network/Library/Java/Extensions:/System/Library/Java/Extensions:/usr/lib/java:."/>
    <property name="java.vm.info" value="mixed mode, sharing"/>
    <property name="stderr.encoding" value="UTF-8"/>
    <property name="java.vendor" value="Oracle Corporation"/>
    <property name="java.vm.version" value="20.0.2+9-78"/>
    <property name="sun.io.unicode.encoding" value="UnicodeBig"/>
    <property name="socksNonProxyHosts" value="local|*.local|169.254/16|*.169.254/16"/>
    <property name="java.class.version" value="64.0"/>
  </properties>
  <testcase name="testApp" classname="com.example.AppTest" time="0.002"/>
  <testcase name="testApp2" classname="com.example.AppTest" time="0.0"/>
</testsuite>